
> @repo/ui@0.0.0 lint /Users/jrmblt/Desktop/nnp-monorepo/packages/ui
> eslint . --max-warnings 0

[0m[0m
[0m[4m/Users/jrmblt/Desktop/nnp-monorepo/packages/ui/src/button.tsx[24m[0m
[0m  [2m1:1[22m   [33mwarning[39m  Replace `'use·client'` with `"use·client"`  [2mprettier/prettier[22m[0m
[0m  [2m3:27[22m  [33mwarning[39m  Replace `'react'` with `"react"`            [2mprettier/prettier[22m[0m
[0m[0m
[0m[4m/Users/jrmblt/Desktop/nnp-monorepo/packages/ui/turbo/generators/config.ts[24m[0m
[0m   [2m1:32[22m  [33mwarning[39m  Replace `'@turbo/gen'` with `"@turbo/gen"`                                                  [2mprettier/prettier[22m[0m
[0m   [2m7:21[22m  [33mwarning[39m  Replace `'react-component'` with `"react-component"`                                        [2mprettier/prettier[22m[0m
[0m   [2m8:18[22m  [33mwarning[39m  Replace `'Adds·a·new·react·component'` with `"Adds·a·new·react·component"`                  [2mprettier/prettier[22m[0m
[0m  [2m11:15[22m  [33mwarning[39m  Replace `'input'` with `"input"`                                                            [2mprettier/prettier[22m[0m
[0m  [2m12:15[22m  [33mwarning[39m  Replace `'name'` with `"name"`                                                              [2mprettier/prettier[22m[0m
[0m  [2m13:18[22m  [33mwarning[39m  Replace `'What·is·the·name·of·the·component?'` with `"What·is·the·name·of·the·component?"`  [2mprettier/prettier[22m[0m
[0m  [2m18:15[22m  [33mwarning[39m  Replace `'add'` with `"add"`                                                                [2mprettier/prettier[22m[0m
[0m  [2m19:15[22m  [33mwarning[39m  Replace `'src/{{kebabCase·name}}.tsx'` with `"src/{{kebabCase·name}}.tsx"`                  [2mprettier/prettier[22m[0m
[0m  [2m20:23[22m  [33mwarning[39m  Replace `'templates/component.hbs'` with `"templates/component.hbs"`                        [2mprettier/prettier[22m[0m
[0m  [2m23:15[22m  [33mwarning[39m  Replace `'append'` with `"append"`                                                          [2mprettier/prettier[22m[0m
[0m  [2m24:15[22m  [33mwarning[39m  Replace `'package.json'` with `"package.json"`                                              [2mprettier/prettier[22m[0m
[0m[0m
[0m[33m[1m✖ 13 problems (0 errors, 13 warnings)[22m[39m[0m
[0m[33m[1m[22m[39m[33m[1m  0 errors and 13 warnings potentially fixable with the `--fix` option.[22m[39m[0m
[0m[33m[1m[22m[39m[0m
ESLint found too many warnings (maximum: 0).
[41m[30m ELIFECYCLE [39m[49m [31mCommand failed with exit code 1.[39m
